-------------------------------------------------------------------------------
Test set: com.example.sb2.Sb2ApplicationTests
-------------------------------------------------------------------------------
Tests run: 1, Failures: 0, Errors: 1, Skipped: 0, Time elapsed: 0.612 s <<< FAILURE! - in com.example.sb2.Sb2ApplicationTests
com.example.sb2.Sb2ApplicationTests  Time elapsed: 0.611 s  <<< ERROR!
java.lang.IllegalStateException: Unable to find a @SpringBootConfiguration, you need to use @ContextConfiguration or @SpringBootTest(classes=...) with your test

